Running: /opt/Xilinx/14.7/ISE_DS/ISE/bin/lin64/unwrapped/fuse -intstyle ise -incremental -lib secureip -o /home/ise/AVm/4to/Practica5MultiplierSIgned/XilinxProyect/Multiplier/Multiplier_isim_beh.exe -prj /home/ise/AVm/4to/Practica5MultiplierSIgned/XilinxProyect/Multiplier/Multiplier_beh.prj work.Multiplier 
ISim P.20131013 (signature 0xfbc00daa)
Number of CPUs detected in this system: 4
Turning on mult-threading, number of parallel sub-compilation jobs: 8 
Determining compilation order of HDL files
Parsing VHDL file "/home/ise/AVm/4to/Practica5MultiplierSIgned/XilinxProyect/Multiplier/Vector.vhd" into library work
Parsing VHDL file "/home/ise/AVm/4to/Practica5MultiplierSIgned/XilinxProyect/Multiplier/Multiplier.vhd" into library work
Starting static elaboration
Completed static elaboration
Fuse Memory Usage: 95448 KB
Fuse CPU Usage: 4510 ms
Compiling package standard
Compiling package std_logic_1164
Compiling architecture juve3dstudio of entity VectorMult [vectormult_default]
Compiling architecture juve3dstudio of entity multiplier
Time Resolution for simulation is 1ps.
Waiting for 1 sub-compilation(s) to finish...
Compiled 5 VHDL Units
Built simulation executable /home/ise/AVm/4to/Practica5MultiplierSIgned/XilinxProyect/Multiplier/Multiplier_isim_beh.exe
Fuse Memory Usage: 659088 KB
Fuse CPU Usage: 4800 ms
GCC CPU Usage: 1610 ms
