Release 14.7 - xst P.20131013 (lin64)
Copyright (c) 1995-2013 Xilinx, Inc.  All rights reserved.
--> 
Parameter TMPDIR set to xst/projnav.tmp


Total REAL time to Xst completion: 1.00 secs
Total CPU time to Xst completion: 1.10 secs
 
--> 
Parameter xsthdpdir set to xst


Total REAL time to Xst completion: 1.00 secs
Total CPU time to Xst completion: 1.11 secs
 
--> 
Reading design: Multiplier.prj

TABLE OF CONTENTS
  1) Synthesis Options Summary
  2) HDL Parsing
  3) HDL Elaboration
  4) HDL Synthesis
       4.1) HDL Synthesis Report
  5) Advanced HDL Synthesis
       5.1) Advanced HDL Synthesis Report
  6) Low Level Synthesis
  7) Partition Report
  8) Design Summary
       8.1) Primitive and Black Box Usage
       8.2) Device utilization summary
       8.3) Partition Resource Summary
       8.4) Timing Report
            8.4.1) Clock Information
            8.4.2) Asynchronous Control Signals Information
            8.4.3) Timing Summary
            8.4.4) Timing Details
            8.4.5) Cross Clock Domains Report


=========================================================================
*                      Synthesis Options Summary                        *
=========================================================================
---- Source Parameters
Input File Name                    : "Multiplier.prj"
Ignore Synthesis Constraint File   : NO

---- Target Parameters
Output File Name                   : "Multiplier"
Output Format                      : NGC
Target Device                      : xc6slx9-3-tqg144

---- Source Options
Top Module Name                    : Multiplier
Automatic FSM Extraction           : YES
FSM Encoding Algorithm             : Auto
Safe Implementation                : No
FSM Style                          : LUT
RAM Extraction                     : Yes
RAM Style                          : Auto
ROM Extraction                     : Yes
Shift Register Extraction          : YES
ROM Style                          : Auto
Resource Sharing                   : YES
Asynchronous To Synchronous        : NO
Shift Register Minimum Size        : 2
Use DSP Block                      : Auto
Automatic Register Balancing       : No

---- Target Options
LUT Combining                      : Auto
Reduce Control Sets                : Auto
Add IO Buffers                     : YES
Global Maximum Fanout              : 100000
Add Generic Clock Buffer(BUFG)     : 16
Register Duplication               : YES
Optimize Instantiated Primitives   : NO
Use Clock Enable                   : Auto
Use Synchronous Set                : Auto
Use Synchronous Reset              : Auto
Pack IO Registers into IOBs        : Auto
Equivalent register Removal        : YES

---- General Options
Optimization Goal                  : Speed
Optimization Effort                : 1
Power Reduction                    : NO
Keep Hierarchy                     : No
Netlist Hierarchy                  : As_Optimized
RTL Output                         : Yes
Global Optimization                : AllClockNets
Read Cores                         : YES
Write Timing Constraints           : NO
Cross Clock Analysis               : NO
Hierarchy Separator                : /
Bus Delimiter                      : <>
Case Specifier                     : Maintain
Slice Utilization Ratio            : 100
BRAM Utilization Ratio             : 100
DSP48 Utilization Ratio            : 100
Auto BRAM Packing                  : NO
Slice Utilization Ratio Delta      : 5

=========================================================================


=========================================================================
*                          HDL Parsing                                  *
=========================================================================
Parsing VHDL file "/home/ise/AVm/4to/Practica5MultiplierSIgned/XilinxProyect/Multiplier/Vector.vhd" into library work
Parsing entity <VectorMult>.
Parsing architecture <juve3dstudio> of entity <vectormult>.
Parsing VHDL file "/home/ise/AVm/4to/Practica5MultiplierSIgned/XilinxProyect/Multiplier/Multiplier.vhd" into library work
Parsing entity <Multiplier>.
Parsing architecture <juve3dstudio> of entity <multiplier>.

=========================================================================
*                            HDL Elaboration                            *
=========================================================================

Elaborating entity <Multiplier> (architecture <juve3dstudio>) from library <work>.

Elaborating entity <VectorMult> (architecture <juve3dstudio>) from library <work>.

=========================================================================
*                           HDL Synthesis                               *
=========================================================================

Synthesizing Unit <Multiplier>.
    Related source file is "/home/ise/AVm/4to/Practica5MultiplierSIgned/XilinxProyect/Multiplier/Multiplier.vhd".
INFO:Xst:3210 - "/home/ise/AVm/4to/Practica5MultiplierSIgned/XilinxProyect/Multiplier/Multiplier.vhd" line 58: Output port <C_Cout> of the instance <V7> is unconnected or connected to loadless signal.
    Summary:
Unit <Multiplier> synthesized.

Synthesizing Unit <VectorMult>.
    Related source file is "/home/ise/AVm/4to/Practica5MultiplierSIgned/XilinxProyect/Multiplier/Vector.vhd".
    Summary:
Unit <VectorMult> synthesized.

=========================================================================
HDL Synthesis Report

Macro Statistics
# Xors                                                 : 129
 1-bit xor2                                            : 129

=========================================================================

=========================================================================
*                       Advanced HDL Synthesis                          *
=========================================================================


=========================================================================
Advanced HDL Synthesis Report

Macro Statistics
# Xors                                                 : 129
 1-bit xor2                                            : 129

=========================================================================

=========================================================================
*                         Low Level Synthesis                           *
=========================================================================

Optimizing unit <Multiplier> ...

Optimizing unit <VectorMult> ...

Mapping all equations...
Building and optimizing final netlist ...
Found area constraint ratio of 100 (+ 5) on block Multiplier, actual ratio is 1.

Final Macro Processing ...

=========================================================================
Final Register Report

Found no macro
=========================================================================

=========================================================================
*                           Partition Report                            *
=========================================================================

Partition Implementation Status
-------------------------------

  No Partitions were found in this design.

-------------------------------

=========================================================================
*                            Design Summary                             *
=========================================================================

Top Level Output File Name         : Multiplier.ngc

Primitive and Black Box Usage:
------------------------------
# BELS                             : 74
#      GND                         : 1
#      LUT2                        : 8
#      LUT4                        : 12
#      LUT5                        : 15
#      LUT6                        : 38
# IO Buffers                       : 32
#      IBUF                        : 16
#      OBUF                        : 16

Device utilization summary:
---------------------------

Selected Device : 6slx9tqg144-3 


Slice Logic Utilization: 
 Number of Slice LUTs:                   73  out of   5720     1%  
    Number used as Logic:                73  out of   5720     1%  

Slice Logic Distribution: 
 Number of LUT Flip Flop pairs used:     73
   Number with an unused Flip Flop:      73  out of     73   100%  
   Number with an unused LUT:             0  out of     73     0%  
   Number of fully used LUT-FF pairs:     0  out of     73     0%  
   Number of unique control sets:         0

IO Utilization: 
 Number of IOs:                          32
 Number of bonded IOBs:                  32  out of    102    31%  

Specific Feature Utilization:

---------------------------
Partition Resource Summary:
---------------------------

  No Partitions were found in this design.

---------------------------


=========================================================================
Timing Report

NOTE: THESE TIMING NUMBERS ARE ONLY A SYNTHESIS ESTIMATE.
      FOR ACCURATE TIMING INFORMATION PLEASE REFER TO THE TRACE REPORT
      GENERATED AFTER PLACE-and-ROUTE.

Clock Information:
------------------
No clock signals found in this design

Asynchronous Control Signals Information:
----------------------------------------
No asynchronous control signals found in this design

Timing Summary:
---------------
Speed Grade: -3

   Minimum period: No path found
   Minimum input arrival time before clock: No path found
   Maximum output required time after clock: No path found
   Maximum combinational path delay: 20.991ns

Timing Details:
---------------
All values displayed in nanoseconds (ns)

=========================================================================
Timing constraint: Default path analysis
  Total number of paths / destination ports: 92990 / 15
-------------------------------------------------------------------------
Delay:               20.991ns (Levels of Logic = 16)
  Source:            M<1> (PAD)
  Destination:       P<12> (PAD)

  Data Path: M<1> to P<12>
                                Gate     Net
    Cell:in->out      fanout   Delay   Delay  Logical Name (Net Name)
    ----------------------------------------  ------------
     IBUF:I->O            20   1.222   1.437  M_1_IBUF (M_1_IBUF)
     LUT5:I0->O            2   0.203   0.864  V1/Carry<2>1 (V1/Carry<2>)
     LUT6:I2->O            5   0.203   0.715  V1/Carry<4>1 (V1/Carry<4>)
     LUT5:I4->O            2   0.205   0.961  V1/Mxor_C_P<4>_xo<0>1 (P1<4>)
     LUT6:I1->O            3   0.203   0.898  V2/Carry<4>1 (V2/Carry<4>)
     LUT6:I2->O            3   0.203   0.995  V2/Carry<6>1 (V2/Carry<6>)
     LUT5:I0->O            2   0.203   0.961  V2/Mxor_C_P<6>_xo<0>1 (P2<6>)
     LUT6:I1->O            4   0.203   1.048  V3/Carry<6>1 (V3/Carry<6>)
     LUT6:I0->O            2   0.203   0.961  V3/Mxor_C_P<6>_xo<0>1 (P3<6>)
     LUT6:I1->O            3   0.203   1.015  V4/Carry<6>1 (V4/Carry<6>)
     LUT6:I0->O            2   0.203   0.961  V4/Mxor_C_P<6>_xo<0>1 (P4<6>)
     LUT6:I1->O            3   0.203   1.015  V5/Carry<6>1 (V5/Carry<6>)
     LUT6:I0->O            2   0.203   0.961  V5/Mxor_C_P<6>_xo<0>1 (P5<6>)
     LUT6:I1->O            2   0.203   0.981  V6/Carry<6>1 (V6/Carry<6>)
     LUT6:I0->O            1   0.203   0.579  V6/Mxor_C_P<6>_xo<0>1 (P_12_OBUF)
     OBUF:I->O                 2.571          P_12_OBUF (P<12>)
    ----------------------------------------
    Total                     20.991ns (6.637ns logic, 14.354ns route)
                                       (31.6% logic, 68.4% route)

=========================================================================

Cross Clock Domains Report:
--------------------------

=========================================================================


Total REAL time to Xst completion: 93.00 secs
Total CPU time to Xst completion: 90.54 secs
 
--> 


Total memory usage is 475180 kilobytes

Number of errors   :    0 (   0 filtered)
Number of warnings :    0 (   0 filtered)
Number of infos    :    1 (   0 filtered)

