Release 14.7 Map P.20131013 (lin64)
Xilinx Mapping Report File for Design 'Multiplier'

Design Information
------------------
Command Line   : map -intstyle ise -p xc6slx9-tqg144-3 -w -logic_opt off -ol std
-t 1 -xt 0 -register_duplication off -r 4 -global_opt off -mt 2 -ir off -pr off
-lc off -power off -o Multiplier_map.ncd Multiplier.ngd Multiplier.pcf 
Target Device  : xc6slx9
Target Package : tqg144
Target Speed   : -3
Mapper Version : spartan6 -- $Revision: 1.55 $
Mapped Date    : Tue Feb 18 05:07:13 2025

Design Summary
--------------
Number of errors:      0
Number of warnings:    0
Slice Logic Utilization:
  Number of Slice Registers:                     0 out of  11,440    0%
  Number of Slice LUTs:                         77 out of   5,720    1%
    Number used as logic:                       77 out of   5,720    1%
      Number using O6 output only:              67
      Number using O5 output only:               0
      Number using O5 and O6:                   10
      Number used as ROM:                        0
    Number used as Memory:                       0 out of   1,440    0%

Slice Logic Distribution:
  Number of occupied Slices:                    56 out of   1,430    3%
  Number of MUXCYs used:                         0 out of   2,860    0%
  Number of LUT Flip Flop pairs used:           77
    Number with an unused Flip Flop:            77 out of      77  100%
    Number with an unused LUT:                   0 out of      77    0%
    Number of fully used LUT-FF pairs:           0 out of      77    0%
    Number of slice register sites lost
      to control set restrictions:               0 out of  11,440    0%

  A LUT Flip Flop pair for this architecture represents one LUT paired with
  one Flip Flop within a slice.  A control set is a unique combination of
  clock, reset, set, and enable signals for a registered element.
  The Slice Logic Distribution report is not meaningful if the design is
  over-mapped for a non-slice resource or if Placement fails.

IO Utilization:
  Number of bonded IOBs:                        32 out of     102   31%
    Number of LOCed IOBs:                       32 out of      32  100%

Specific Feature Utilization:
  Number of RAMB16BWERs:                         0 out of      32    0%
  Number of RAMB8BWERs:                          0 out of      64    0%
  Number of BUFIO2/BUFIO2_2CLKs:                 0 out of      32    0%
  Number of BUFIO2FB/BUFIO2FB_2CLKs:             0 out of      32    0%
  Number of BUFG/BUFGMUXs:                       0 out of      16    0%
  Number of DCM/DCM_CLKGENs:                     0 out of       4    0%
  Number of ILOGIC2/ISERDES2s:                   0 out of     200    0%
  Number of IODELAY2/IODRP2/IODRP2_MCBs:         0 out of     200    0%
  Number of OLOGIC2/OSERDES2s:                   0 out of     200    0%
  Number of BSCANs:                              0 out of       4    0%
  Number of BUFHs:                               0 out of     128    0%
  Number of BUFPLLs:                             0 out of       8    0%
  Number of BUFPLL_MCBs:                         0 out of       4    0%
  Number of DSP48A1s:                            0 out of      16    0%
  Number of ICAPs:                               0 out of       1    0%
  Number of MCBs:                                0 out of       2    0%
  Number of PCILOGICSEs:                         0 out of       2    0%
  Number of PLL_ADVs:                            0 out of       2    0%
  Number of PMVs:                                0 out of       1    0%
  Number of STARTUPs:                            0 out of       1    0%
  Number of SUSPEND_SYNCs:                       0 out of       1    0%

Average Fanout of Non-Clock Nets:                4.15

Peak Memory Usage:  834 MB
Total REAL time to MAP completion:  1 mins 30 secs 
Total CPU time to MAP completion (all processors):   1 mins 29 secs 

Table of Contents
-----------------
Section 1 - Errors
Section 2 - Warnings
Section 3 - Informational
Section 4 - Removed Logic Summary
Section 5 - Removed Logic
Section 6 - IOB Properties
Section 7 - RPMs
Section 8 - Guide Report
Section 9 - Area Group and Partition Summary
Section 10 - Timing Report
Section 11 - Configuration String Information
Section 12 - Control Set Information
Section 13 - Utilization by Hierarchy

Section 1 - Errors
------------------

Section 2 - Warnings
--------------------
WARNING:Security:42 - Your software subscription period has lapsed. Your current
version of Xilinx tools will continue to function, but you no longer qualify for
Xilinx software updates or new releases.

Section 3 - Informational
-------------------------
INFO:Map:284 - Map is running with the multi-threading option on. Map currently
   supports the use of up to 2 processors. Based on the the user options and
   machine load, Map will use 2 processors during this run.
INFO:Security:54 - 'xc6slx9' is a WebPack part.
INFO:MapLib:562 - No environment variables are currently set.
INFO:Pack:1716 - Initializing temperature to 85.000 Celsius. (default - Range:
   0.000 to 85.000 Celsius)
INFO:Pack:1720 - Initializing voltage to 1.140 Volts. (default - Range: 1.140 to
   1.260 Volts)
INFO:Map:215 - The Interim Design Summary has been generated in the MAP Report
   (.mrp).
INFO:Pack:1650 - Map created a placed design.

Section 4 - Removed Logic Summary
---------------------------------

Section 5 - Removed Logic
-------------------------

Section 6 - IOB Properties
--------------------------

+---------------------------------------------------------------------------------------------------------------------------------------------------------+
| IOB Name                           | Type             | Direction | IO Standard          | Diff  | Drive    | Slew | Reg (s)      | Resistor | IOB      |
|                                    |                  |           |                      | Term  | Strength | Rate |              |          | Delay    |
+---------------------------------------------------------------------------------------------------------------------------------------------------------+
| COUT                               | IOB              | OUTPUT    | LVCMOS33             |       | 8        | FAST |              |          |          |
| M<0>                               | IOB              | INPUT     | LVCMOS33             |       |          |      |              | PULLUP   |          |
| M<1>                               | IOB              | INPUT     | LVCMOS33             |       |          |      |              | PULLUP   |          |
| M<2>                               | IOB              | INPUT     | LVCMOS33             |       |          |      |              | PULLUP   |          |
| M<3>                               | IOB              | INPUT     | LVCMOS33             |       |          |      |              | PULLUP   |          |
| M<4>                               | IOB              | INPUT     | LVCMOS33             |       |          |      |              | PULLUP   |          |
| M<5>                               | IOB              | INPUT     | LVCMOS33             |       |          |      |              | PULLUP   |          |
| M<6>                               | IOB              | INPUT     | LVCMOS33             |       |          |      |              | PULLUP   |          |
| M<7>                               | IOB              | INPUT     | LVCMOS33             |       |          |      |              | PULLUP   |          |
| P<0>                               | IOB              | OUTPUT    | LVCMOS33             |       | 8        | FAST |              |          |          |
| P<1>                               | IOB              | OUTPUT    | LVCMOS33             |       | 8        | FAST |              |          |          |
| P<2>                               | IOB              | OUTPUT    | LVCMOS33             |       | 8        | FAST |              |          |          |
| P<3>                               | IOB              | OUTPUT    | LVCMOS33             |       | 8        | FAST |              |          |          |
| P<4>                               | IOB              | OUTPUT    | LVCMOS33             |       | 8        | FAST |              |          |          |
| P<5>                               | IOB              | OUTPUT    | LVCMOS33             |       | 8        | FAST |              |          |          |
| P<6>                               | IOB              | OUTPUT    | LVCMOS33             |       | 8        | FAST |              |          |          |
| P<7>                               | IOB              | OUTPUT    | LVCMOS33             |       | 8        | FAST |              |          |          |
| P<8>                               | IOB              | OUTPUT    | LVCMOS33             |       | 8        | FAST |              |          |          |
| P<9>                               | IOB              | OUTPUT    | LVCMOS33             |       | 8        | FAST |              |          |          |
| P<10>                              | IOB              | OUTPUT    | LVCMOS33             |       | 8        | FAST |              |          |          |
| P<11>                              | IOB              | OUTPUT    | LVCMOS33             |       | 8        | FAST |              |          |          |
| P<12>                              | IOB              | OUTPUT    | LVCMOS33             |       | 8        | FAST |              |          |          |
| P<13>                              | IOB              | OUTPUT    | LVCMOS33             |       | 8        | FAST |              |          |          |
| P<14>                              | IOB              | OUTPUT    | LVCMOS33             |       | 8        | FAST |              |          |          |
| Q<0>                               | IOB              | INPUT     | LVCMOS33             |       |          |      |              | PULLUP   |          |
| Q<1>                               | IOB              | INPUT     | LVCMOS33             |       |          |      |              | PULLUP   |          |
| Q<2>                               | IOB              | INPUT     | LVCMOS33             |       |          |      |              | PULLUP   |          |
| Q<3>                               | IOB              | INPUT     | LVCMOS33             |       |          |      |              | PULLUP   |          |
| Q<4>                               | IOB              | INPUT     | LVCMOS33             |       |          |      |              | PULLUP   |          |
| Q<5>                               | IOB              | INPUT     | LVCMOS33             |       |          |      |              | PULLUP   |          |
| Q<6>                               | IOB              | INPUT     | LVCMOS33             |       |          |      |              | PULLUP   |          |
| Q<7>                               | IOB              | INPUT     | LVCMOS33             |       |          |      |              | PULLUP   |          |
+---------------------------------------------------------------------------------------------------------------------------------------------------------+

Section 7 - RPMs
----------------

Section 8 - Guide Report
------------------------
Guide not run on this design.

Section 9 - Area Group and Partition Summary
--------------------------------------------

Partition Implementation Status
-------------------------------

  No Partitions were found in this design.

-------------------------------

Area Group Information
----------------------

  No area groups were found in this design.

----------------------

Section 10 - Timing Report
--------------------------
A logic-level (pre-route) timing report can be generated by using Xilinx static
timing analysis tools, Timing Analyzer (GUI) or TRCE (command line), with the
mapped NCD and PCF files. Please note that this timing report will be generated
using estimated delay information. For accurate numbers, please generate a
timing report with the post Place and Route NCD file.

For more information about the Timing Analyzer, consult the Xilinx Timing
Analyzer Reference Manual; for more information about TRCE, consult the Xilinx
Command Line Tools User Guide "TRACE" chapter.

Section 11 - Configuration String Details
-----------------------------------------
Use the "-detail" map option to print out Configuration Strings

Section 12 - Control Set Information
------------------------------------
Use the "-detail" map option to print out Control Set Information.

Section 13 - Utilization by Hierarchy
-------------------------------------
Use the "-detail" map option to print out the Utilization by Hierarchy section.
