--------------------------------------------------------------------------------
Release 14.7 Trace  (lin64)
Copyright (c) 1995-2013 Xilinx, Inc.  All rights reserved.

/opt/Xilinx/14.7/ISE_DS/ISE/bin/lin64/unwrapped/trce -intstyle ise -v 3 -s 3 -n
3 -fastpaths -xml Multiplier.twx Multiplier.ncd -o Multiplier.twr
Multiplier.pcf -ucf ucf.ucf

Design file:              Multiplier.ncd
Physical constraint file: Multiplier.pcf
Device,package,speed:     xc6slx9,tqg144,C,-3 (PRODUCTION 1.23 2013-10-13)
Report level:             verbose report

Environment Variable      Effect 
--------------------      ------ 
NONE                      No environment variables were set
--------------------------------------------------------------------------------

INFO:Timing:2698 - No timing constraints found, doing default enumeration.
INFO:Timing:3412 - To improve timing, see the Timing Closure User Guide (UG612).
INFO:Timing:2752 - To get complete path coverage, use the unconstrained paths 
   option. All paths that are not constrained will be reported in the 
   unconstrained paths section(s) of the report.
INFO:Timing:3339 - The clock-to-out numbers in this timing report are based on 
   a 50 Ohm transmission line loading model.  For the details of this model, 
   and for more information on accounting for different loading conditions, 
   please see the device datasheet.



Data Sheet report:
-----------------
All values displayed in nanoseconds (ns)

Pad to Pad
---------------+---------------+---------+
Source Pad     |Destination Pad|  Delay  |
---------------+---------------+---------+
M<0>           |COUT           |   25.564|
M<0>           |P<0>           |    7.353|
M<0>           |P<1>           |    7.738|
M<0>           |P<2>           |    9.288|
M<0>           |P<3>           |   12.069|
M<0>           |P<4>           |   13.646|
M<0>           |P<5>           |   15.575|
M<0>           |P<6>           |   16.789|
M<0>           |P<7>           |   18.358|
M<0>           |P<8>           |   20.263|
M<0>           |P<9>           |   21.678|
M<0>           |P<10>          |   23.183|
M<0>           |P<11>          |   23.920|
M<0>           |P<12>          |   24.657|
M<0>           |P<13>          |   25.690|
M<0>           |P<14>          |   25.167|
M<1>           |COUT           |   25.622|
M<1>           |P<1>           |    7.708|
M<1>           |P<2>           |    9.111|
M<1>           |P<3>           |   12.127|
M<1>           |P<4>           |   13.805|
M<1>           |P<5>           |   15.734|
M<1>           |P<6>           |   16.948|
M<1>           |P<7>           |   18.473|
M<1>           |P<8>           |   20.321|
M<1>           |P<9>           |   21.736|
M<1>           |P<10>          |   23.241|
M<1>           |P<11>          |   23.978|
M<1>           |P<12>          |   24.715|
M<1>           |P<13>          |   25.748|
M<1>           |P<14>          |   25.225|
M<2>           |COUT           |   24.668|
M<2>           |P<2>           |    8.123|
M<2>           |P<3>           |   11.173|
M<2>           |P<4>           |   12.635|
M<2>           |P<5>           |   14.564|
M<2>           |P<6>           |   15.778|
M<2>           |P<7>           |   17.462|
M<2>           |P<8>           |   19.367|
M<2>           |P<9>           |   20.782|
M<2>           |P<10>          |   22.287|
M<2>           |P<11>          |   23.024|
M<2>           |P<12>          |   23.761|
M<2>           |P<13>          |   24.794|
M<2>           |P<14>          |   24.271|
M<3>           |COUT           |   24.223|
M<3>           |P<3>           |   10.384|
M<3>           |P<4>           |   12.164|
M<3>           |P<5>           |   14.093|
M<3>           |P<6>           |   15.307|
M<3>           |P<7>           |   17.017|
M<3>           |P<8>           |   18.922|
M<3>           |P<9>           |   20.337|
M<3>           |P<10>          |   21.842|
M<3>           |P<11>          |   22.579|
M<3>           |P<12>          |   23.316|
M<3>           |P<13>          |   24.349|
M<3>           |P<14>          |   23.826|
M<4>           |COUT           |   23.644|
M<4>           |P<4>           |   11.275|
M<4>           |P<5>           |   13.204|
M<4>           |P<6>           |   14.701|
M<4>           |P<7>           |   16.438|
M<4>           |P<8>           |   18.343|
M<4>           |P<9>           |   19.758|
M<4>           |P<10>          |   21.263|
M<4>           |P<11>          |   22.000|
M<4>           |P<12>          |   22.737|
M<4>           |P<13>          |   23.770|
M<4>           |P<14>          |   23.247|
M<5>           |COUT           |   22.832|
M<5>           |P<5>           |   11.310|
M<5>           |P<6>           |   13.889|
M<5>           |P<7>           |   15.626|
M<5>           |P<8>           |   17.531|
M<5>           |P<9>           |   18.946|
M<5>           |P<10>          |   20.451|
M<5>           |P<11>          |   21.188|
M<5>           |P<12>          |   21.925|
M<5>           |P<13>          |   22.958|
M<5>           |P<14>          |   22.435|
M<6>           |COUT           |   21.817|
M<6>           |P<6>           |   12.874|
M<6>           |P<7>           |   14.611|
M<6>           |P<8>           |   16.516|
M<6>           |P<9>           |   17.931|
M<6>           |P<10>          |   19.436|
M<6>           |P<11>          |   20.173|
M<6>           |P<12>          |   20.910|
M<6>           |P<13>          |   21.943|
M<6>           |P<14>          |   21.420|
M<7>           |COUT           |   20.465|
M<7>           |P<7>           |   12.777|
M<7>           |P<8>           |   15.164|
M<7>           |P<9>           |   16.579|
M<7>           |P<10>          |   18.084|
M<7>           |P<11>          |   18.821|
M<7>           |P<12>          |   19.558|
M<7>           |P<13>          |   20.591|
M<7>           |P<14>          |   20.068|
Q<0>           |COUT           |   25.526|
Q<0>           |P<0>           |   10.855|
Q<0>           |P<1>           |   11.240|
Q<0>           |P<2>           |   10.670|
Q<0>           |P<3>           |   11.869|
Q<0>           |P<4>           |   13.576|
Q<0>           |P<5>           |   15.505|
Q<0>           |P<6>           |   16.719|
Q<0>           |P<7>           |   18.320|
Q<0>           |P<8>           |   20.225|
Q<0>           |P<9>           |   21.640|
Q<0>           |P<10>          |   23.145|
Q<0>           |P<11>          |   23.882|
Q<0>           |P<12>          |   24.619|
Q<0>           |P<13>          |   25.652|
Q<0>           |P<14>          |   25.129|
Q<1>           |COUT           |   25.764|
Q<1>           |P<1>           |   11.827|
Q<1>           |P<2>           |   11.033|
Q<1>           |P<3>           |   12.269|
Q<1>           |P<4>           |   13.984|
Q<1>           |P<5>           |   15.913|
Q<1>           |P<6>           |   17.127|
Q<1>           |P<7>           |   18.652|
Q<1>           |P<8>           |   20.463|
Q<1>           |P<9>           |   21.878|
Q<1>           |P<10>          |   23.383|
Q<1>           |P<11>          |   24.120|
Q<1>           |P<12>          |   24.857|
Q<1>           |P<13>          |   25.890|
Q<1>           |P<14>          |   25.367|
Q<2>           |COUT           |   24.476|
Q<2>           |P<2>           |   10.891|
Q<2>           |P<3>           |   11.271|
Q<2>           |P<4>           |   12.832|
Q<2>           |P<5>           |   14.761|
Q<2>           |P<6>           |   15.975|
Q<2>           |P<7>           |   17.500|
Q<2>           |P<8>           |   19.175|
Q<2>           |P<9>           |   20.590|
Q<2>           |P<10>          |   22.095|
Q<2>           |P<11>          |   22.832|
Q<2>           |P<12>          |   23.569|
Q<2>           |P<13>          |   24.602|
Q<2>           |P<14>          |   24.079|
Q<3>           |COUT           |   23.723|
Q<3>           |P<3>           |   12.302|
Q<3>           |P<4>           |   12.565|
Q<3>           |P<5>           |   14.244|
Q<3>           |P<6>           |   15.458|
Q<3>           |P<7>           |   16.983|
Q<3>           |P<8>           |   18.422|
Q<3>           |P<9>           |   19.837|
Q<3>           |P<10>          |   21.342|
Q<3>           |P<11>          |   22.079|
Q<3>           |P<12>          |   22.816|
Q<3>           |P<13>          |   23.849|
Q<3>           |P<14>          |   23.326|
Q<4>           |COUT           |   19.857|
Q<4>           |P<4>           |   12.176|
Q<4>           |P<5>           |   11.503|
Q<4>           |P<6>           |   12.956|
Q<4>           |P<7>           |   14.481|
Q<4>           |P<8>           |   15.325|
Q<4>           |P<9>           |   16.305|
Q<4>           |P<10>          |   17.476|
Q<4>           |P<11>          |   18.213|
Q<4>           |P<12>          |   18.950|
Q<4>           |P<13>          |   19.983|
Q<4>           |P<14>          |   19.460|
Q<5>           |COUT           |   17.571|
Q<5>           |P<5>           |   12.118|
Q<5>           |P<6>           |   10.948|
Q<5>           |P<7>           |   12.236|
Q<5>           |P<8>           |   13.080|
Q<5>           |P<9>           |   14.060|
Q<5>           |P<10>          |   15.190|
Q<5>           |P<11>          |   15.927|
Q<5>           |P<12>          |   16.664|
Q<5>           |P<13>          |   17.697|
Q<5>           |P<14>          |   17.174|
Q<6>           |COUT           |   15.345|
Q<6>           |P<6>           |   10.451|
Q<6>           |P<7>           |   10.656|
Q<6>           |P<8>           |   11.663|
Q<6>           |P<9>           |   12.643|
Q<6>           |P<10>          |   12.964|
Q<6>           |P<11>          |   13.701|
Q<6>           |P<12>          |   14.438|
Q<6>           |P<13>          |   15.471|
Q<6>           |P<14>          |   14.948|
Q<7>           |COUT           |   12.541|
Q<7>           |P<7>           |   10.021|
Q<7>           |P<8>           |    9.791|
Q<7>           |P<9>           |   10.771|
Q<7>           |P<10>          |   10.524|
Q<7>           |P<11>          |   10.897|
Q<7>           |P<12>          |   11.434|
Q<7>           |P<13>          |   12.667|
Q<7>           |P<14>          |   12.144|
---------------+---------------+---------+


Analysis completed Tue Feb 18 05:11:03 2025 
--------------------------------------------------------------------------------

Trace Settings:
-------------------------
Trace Settings 

Peak Memory Usage: 383 MB



