Running: /opt/Xilinx/14.7/ISE_DS/ISE/bin/lin64/unwrapped/fuse -intstyle ise -incremental -lib secureip -o /home/ise/Vm/4to/Jp codes/CarrySkip/tb_isim_beh.exe -prj /home/ise/Vm/4to/Jp codes/CarrySkip/tb_beh.prj work.tb 
ISim P.20131013 (signature 0xfbc00daa)
Number of CPUs detected in this system: 4
Turning on mult-threading, number of parallel sub-compilation jobs: 8 
Determining compilation order of HDL files
Parsing VHDL file "/home/ise/Vm/4to/Jp codes/CarrySkip/carryskip.vhd" into library work
Parsing VHDL file "/home/ise/Vm/4to/Jp codes/CarrySkip/tb.vhd" into library work
Starting static elaboration
Completed static elaboration
Fuse Memory Usage: 95300 KB
Fuse CPU Usage: 11830 ms
Compiling package standard
Compiling package std_logic_1164
Compiling architecture juve3dstudio of entity CarrySkip [carryskip_default]
Compiling architecture behavior of entity tb
Time Resolution for simulation is 1ps.
Waiting for 1 sub-compilation(s) to finish...
Compiled 5 VHDL Units
Built simulation executable /home/ise/Vm/4to/Jp codes/CarrySkip/tb_isim_beh.exe
Fuse Memory Usage: 659024 KB
Fuse CPU Usage: 12710 ms
GCC CPU Usage: 7180 ms
