Reading netlist file: "/home/tostada105/Proyects/Escuela/Gowin/P6/impl/gwsynthesis/P6.vg"
Parsing netlist file "/home/tostada105/Proyects/Escuela/Gowin/P6/impl/gwsynthesis/P6.vg" completed
Processing netlist completed
Reading constraint file: "/home/tostada105/Proyects/Escuela/Gowin/P6/src/P6.cst"
Physical Constraint parsed completed
Running placement......
[10%] Placement Phase 0 completed
[20%] Placement Phase 1 completed
[30%] Placement Phase 2 completed
[50%] Placement Phase 3 completed
Running routing......
[60%] Routing Phase 0 completed
[70%] Routing Phase 1 completed
[80%] Routing Phase 2 completed
[90%] Routing Phase 3 completed
Running timing analysis......
[95%] Timing analysis completed
Placement and routing completed
Bitstream generation in progress......
Bitstream generation completed
Running power analysis......
[100%] Power analysis completed
Generate file "/home/tostada105/Proyects/Escuela/Gowin/P6/impl/pnr/P6.power.html" completed
Generate file "/home/tostada105/Proyects/Escuela/Gowin/P6/impl/pnr/P6.pin.html" completed
Generate file "/home/tostada105/Proyects/Escuela/Gowin/P6/impl/pnr/P6.rpt.html" completed
Generate file "/home/tostada105/Proyects/Escuela/Gowin/P6/impl/pnr/P6.rpt.txt" completed
Generate file "/home/tostada105/Proyects/Escuela/Gowin/P6/impl/pnr/P6.tr.html" completed
Mon Mar 31 21:01:56 2025

