Reading netlist file: "C:\Users\Das\Dropbox\Obsidian\Fisica\tmp\VHDL-ART\Practica6TwosComplement\DesGenerate-Version\pjt\impl\gwsynthesis\pjt.vg"
Parsing netlist file "C:\Users\Das\Dropbox\Obsidian\Fisica\tmp\VHDL-ART\Practica6TwosComplement\DesGenerate-Version\pjt\impl\gwsynthesis\pjt.vg" completed
Processing netlist completed
Running placement......
[10%] Placement Phase 0 completed
[20%] Placement Phase 1 completed
[30%] Placement Phase 2 completed
[50%] Placement Phase 3 completed
Running routing......
[60%] Routing Phase 0 completed
[70%] Routing Phase 1 completed
[80%] Routing Phase 2 completed
[90%] Routing Phase 3 completed
Running timing analysis......
[95%] Timing analysis completed
Placement and routing completed
Bitstream generation in progress......
Bitstream generation completed
Running power analysis......
[100%] Power analysis completed
Generate file "C:\Users\Das\Dropbox\Obsidian\Fisica\tmp\VHDL-ART\Practica6TwosComplement\DesGenerate-Version\pjt\impl\pnr\pjt.power.html" completed
Generate file "C:\Users\Das\Dropbox\Obsidian\Fisica\tmp\VHDL-ART\Practica6TwosComplement\DesGenerate-Version\pjt\impl\pnr\pjt.pin.html" completed
Generate file "C:\Users\Das\Dropbox\Obsidian\Fisica\tmp\VHDL-ART\Practica6TwosComplement\DesGenerate-Version\pjt\impl\pnr\pjt.rpt.html" completed
Generate file "C:\Users\Das\Dropbox\Obsidian\Fisica\tmp\VHDL-ART\Practica6TwosComplement\DesGenerate-Version\pjt\impl\pnr\pjt.rpt.txt" completed
Generate file "C:\Users\Das\Dropbox\Obsidian\Fisica\tmp\VHDL-ART\Practica6TwosComplement\DesGenerate-Version\pjt\impl\pnr\pjt.tr.html" completed
Tue Mar 25 15:56:46 2025

